[20:01:21.466] Global cache location '/home/ehijoe/emacs/distributions/webdev/.cache/typescript/4.8', safe file path '/home/ehijoe/emacs/distributions/webdev/.emacs.d/.cache/lsp/npm/typescript/lib/node_modules/typescript/lib/typingSafeList.json', types map path /home/ehijoe/emacs/distributions/webdev/.emacs.d/.cache/lsp/npm/typescript/lib/node_modules/typescript/lib/typesMap.json
[20:01:21.468] Processing cache location '/home/ehijoe/emacs/distributions/webdev/.cache/typescript/4.8'
[20:01:21.468] Trying to find '/home/ehijoe/emacs/distributions/webdev/.cache/typescript/4.8/package.json'...
[20:01:21.544] Loaded content of '/home/ehijoe/emacs/distributions/webdev/.cache/typescript/4.8/package.json': {"private":true,"dependencies":{"types-registry":"^0.1.630"},"devDependencies":{"@types/react":"^18.0.20","@types/react-dom":"^18.0.6","@types/read":"^0.0.29","@types/request":"^2.48.8","@types/testing-library__jest-dom":"^5.14.5"}}
[20:01:21.544] Loaded content of '/home/ehijoe/emacs/distributions/webdev/.cache/typescript/4.8/package-lock.json'
[20:01:21.628] Adding entry into typings cache: 'react' => '/home/ehijoe/emacs/distributions/webdev/.cache/typescript/4.8/node_modules/@types/react/index.d.ts'
[20:01:21.668] Adding entry into typings cache: 'react-dom' => '/home/ehijoe/emacs/distributions/webdev/.cache/typescript/4.8/node_modules/@types/react-dom/index.d.ts'
[20:01:21.826] Adding entry into typings cache: 'read' => '/home/ehijoe/emacs/distributions/webdev/.cache/typescript/4.8/node_modules/@types/read/index.d.ts'
[20:01:21.855] Adding entry into typings cache: 'request' => '/home/ehijoe/emacs/distributions/webdev/.cache/typescript/4.8/node_modules/@types/request/index.d.ts'
[20:01:21.932] Adding entry into typings cache: 'testing-library__jest-dom' => '/home/ehijoe/emacs/distributions/webdev/.cache/typescript/4.8/node_modules/@types/testing-library__jest-dom/index.d.ts'
[20:01:21.932] Finished processing cache location '/home/ehijoe/emacs/distributions/webdev/.cache/typescript/4.8'
[20:01:21.933] Process id: 9349
[20:01:21.933] NPM location: "/usr/local/bin/npm" (explicit '--npmLocation' not  provided)
[20:01:21.933] validateDefaultNpmLocation: true
[20:01:21.934] Npm config file: /home/ehijoe/emacs/distributions/webdev/.cache/typescript/4.8/package.json
[20:01:21.934] Updating types-registry npm package...
[20:01:21.934] Exec: "/usr/local/bin/npm" install --ignore-scripts types-registry@latest
[20:01:25.889]     Succeeded. stdout:
    
    changed 1 package, and audited 68 packages in 3s

4 packages are looking for funding
  run `npm fund` for details

found 0 vulnerabilities

[20:01:25.890] Updated types-registry npm package
[20:01:25.952] Got install request {"projectName":"/dev/null/inferredProject1*","fileNames":["/home/ehijoe/emacs/distributions/webdev/.emacs.d/.cache/lsp/npm/typescript/lib/node_modules/typescript/lib/lib.es5.d.ts","/home/ehijoe/emacs/distributions/webdev/.emacs.d/.cache/lsp/npm/typescript/lib/node_modules/typescript/lib/lib.es2015.d.ts","/home/ehijoe/emacs/distributions/webdev/.emacs.d/.cache/lsp/npm/typescript/lib/node_modules/typescript/lib/lib.es2016.d.ts","/home/ehijoe/emacs/distributions/webdev/.emacs.d/.cache/lsp/npm/typescript/lib/node_modules/typescript/lib/lib.dom.d.ts","/home/ehijoe/emacs/distributions/webdev/.emacs.d/.cache/lsp/npm/typescript/lib/node_modules/typescript/lib/lib.dom.iterable.d.ts","/home/ehijoe/emacs/distributions/webdev/.emacs.d/.cache/lsp/npm/typescript/lib/node_modules/typescript/lib/lib.webworker.importscripts.d.ts","/home/ehijoe/emacs/distributions/webdev/.emacs.d/.cache/lsp/npm/typescript/lib/node_modules/typescript/lib/lib.scripthost.d.ts","/home/ehijoe/emacs/distributions/webdev/.emacs.d/.cache/lsp/npm/typescript/lib/node_modules/typescript/lib/lib.es2015.core.d.ts","/home/ehijoe/emacs/distributions/webdev/.emacs.d/.cache/lsp/npm/typescript/lib/node_modules/typescript/lib/lib.es2015.collection.d.ts","/home/ehijoe/emacs/distributions/webdev/.emacs.d/.cache/lsp/npm/typescript/lib/node_modules/typescript/lib/lib.es2015.generator.d.ts","/home/ehijoe/emacs/distributions/webdev/.emacs.d/.cache/lsp/npm/typescript/lib/node_modules/typescript/lib/lib.es2015.iterable.d.ts","/home/ehijoe/emacs/distributions/webdev/.emacs.d/.cache/lsp/npm/typescript/lib/node_modules/typescript/lib/lib.es2015.promise.d.ts","/home/ehijoe/emacs/distributions/webdev/.emacs.d/.cache/lsp/npm/typescript/lib/node_modules/typescript/lib/lib.es2015.proxy.d.ts","/home/ehijoe/emacs/distributions/webdev/.emacs.d/.cache/lsp/npm/typescript/lib/node_modules/typescript/lib/lib.es2015.reflect.d.ts","/home/ehijoe/emacs/distributions/webdev/.emacs.d/.cache/lsp/npm/typescript/lib/node_modules/typescript/lib/lib.es2015.symbol.d.ts","/home/ehijoe/emacs/distributions/webdev/.emacs.d/.cache/lsp/npm/typescript/lib/node_modules/typescript/lib/lib.es2015.symbol.wellknown.d.ts","/home/ehijoe/emacs/distributions/webdev/.emacs.d/.cache/lsp/npm/typescript/lib/node_modules/typescript/lib/lib.es2016.array.include.d.ts","/home/ehijoe/emacs/distributions/webdev/.emacs.d/.cache/lsp/npm/typescript/lib/node_modules/typescript/lib/lib.es2016.full.d.ts","/home/ehijoe/Documents/ALX/alx-higher_level_programming/0x15-javascript-web_jquery/0-script.js"],"compilerOptions":{"module":1,"target":3,"jsx":1,"allowJs":true,"allowSyntheticDefaultImports":true,"allowNonTsExtensions":true,"noEmitForJsFiles":true,"maxNodeModuleJsDepth":2},"typeAcquisition":{"enable":true,"include":[],"exclude":[]},"unresolvedImports":[],"projectRootPath":"/home/ehijoe/Documents/ALX/alx-higher_level_programming/0x15-javascript-web_jquery","kind":"discover"}
[20:01:25.981] Loaded safelist from types map file '/home/ehijoe/emacs/distributions/webdev/.emacs.d/.cache/lsp/npm/typescript/lib/node_modules/typescript/lib/typesMap.json'
[20:01:25.982] Explicitly included types: []
[20:01:25.983] Inferred typings from unresolved imports: []
[20:01:25.983] Result: {"cachedTypingPaths":[],"newTypingNames":[],"filesToWatch":["/home/ehijoe/Documents/ALX/alx-higher_level_programming/0x15-javascript-web_jquery/bower_components","/home/ehijoe/Documents/ALX/alx-higher_level_programming/0x15-javascript-web_jquery/node_modules"]}
[20:01:25.984] Finished typings discovery: {"cachedTypingPaths":[],"newTypingNames":[],"filesToWatch":["/home/ehijoe/Documents/ALX/alx-higher_level_programming/0x15-javascript-web_jquery/bower_components","/home/ehijoe/Documents/ALX/alx-higher_level_programming/0x15-javascript-web_jquery/node_modules"]}
[20:01:25.984] DirectoryWatcher:: Added:: WatchInfo: /home/ehijoe/Documents/ALX/alx-higher_level_programming/0x15-javascript-web_jquery/bower_components
[20:01:25.985] DirectoryWatcher:: Added:: WatchInfo: /home/ehijoe/Documents/ALX/alx-higher_level_programming/0x15-javascript-web_jquery/bower_components 1 undefined Project: /dev/null/inferredProject1* watcher already invoked: false
[20:01:25.987] Elapsed:: 2.135123997926712ms DirectoryWatcher:: Added:: WatchInfo: /home/ehijoe/Documents/ALX/alx-higher_level_programming/0x15-javascript-web_jquery/bower_components 1 undefined Project: /dev/null/inferredProject1* watcher already invoked: false
[20:01:25.988] DirectoryWatcher:: Added:: WatchInfo: /home/ehijoe/Documents/ALX/alx-higher_level_programming/0x15-javascript-web_jquery/node_modules
[20:01:25.988] DirectoryWatcher:: Added:: WatchInfo: /home/ehijoe/Documents/ALX/alx-higher_level_programming/0x15-javascript-web_jquery/node_modules 1 undefined Project: /dev/null/inferredProject1* watcher already invoked: false
[20:01:25.988] Elapsed:: 0.18476499989628792ms DirectoryWatcher:: Added:: WatchInfo: /home/ehijoe/Documents/ALX/alx-higher_level_programming/0x15-javascript-web_jquery/node_modules 1 undefined Project: /dev/null/inferredProject1* watcher already invoked: false
[20:01:25.988] Sending response:
    {"projectName":"/dev/null/inferredProject1*","typeAcquisition":{"enable":true,"include":[],"exclude":[]},"compilerOptions":{"module":1,"target":3,"jsx":1,"allowJs":true,"allowSyntheticDefaultImports":true,"allowNonTsExtensions":true,"noEmitForJsFiles":true,"maxNodeModuleJsDepth":2},"typings":[],"unresolvedImports":[],"kind":"action::set"}
[20:01:25.989] Response has been sent.
[20:01:25.989] No new typings were requested as a result of typings discovery
[20:37:07.366] Got install request {"projectName":"/dev/null/inferredProject1*","fileNames":["/home/ehijoe/emacs/distributions/webdev/.emacs.d/.cache/lsp/npm/typescript/lib/node_modules/typescript/lib/lib.es5.d.ts","/home/ehijoe/emacs/distributions/webdev/.emacs.d/.cache/lsp/npm/typescript/lib/node_modules/typescript/lib/lib.es2015.d.ts","/home/ehijoe/emacs/distributions/webdev/.emacs.d/.cache/lsp/npm/typescript/lib/node_modules/typescript/lib/lib.es2016.d.ts","/home/ehijoe/emacs/distributions/webdev/.emacs.d/.cache/lsp/npm/typescript/lib/node_modules/typescript/lib/lib.dom.d.ts","/home/ehijoe/emacs/distributions/webdev/.emacs.d/.cache/lsp/npm/typescript/lib/node_modules/typescript/lib/lib.dom.iterable.d.ts","/home/ehijoe/emacs/distributions/webdev/.emacs.d/.cache/lsp/npm/typescript/lib/node_modules/typescript/lib/lib.webworker.importscripts.d.ts","/home/ehijoe/emacs/distributions/webdev/.emacs.d/.cache/lsp/npm/typescript/lib/node_modules/typescript/lib/lib.scripthost.d.ts","/home/ehijoe/emacs/distributions/webdev/.emacs.d/.cache/lsp/npm/typescript/lib/node_modules/typescript/lib/lib.es2015.core.d.ts","/home/ehijoe/emacs/distributions/webdev/.emacs.d/.cache/lsp/npm/typescript/lib/node_modules/typescript/lib/lib.es2015.collection.d.ts","/home/ehijoe/emacs/distributions/webdev/.emacs.d/.cache/lsp/npm/typescript/lib/node_modules/typescript/lib/lib.es2015.generator.d.ts","/home/ehijoe/emacs/distributions/webdev/.emacs.d/.cache/lsp/npm/typescript/lib/node_modules/typescript/lib/lib.es2015.iterable.d.ts","/home/ehijoe/emacs/distributions/webdev/.emacs.d/.cache/lsp/npm/typescript/lib/node_modules/typescript/lib/lib.es2015.promise.d.ts","/home/ehijoe/emacs/distributions/webdev/.emacs.d/.cache/lsp/npm/typescript/lib/node_modules/typescript/lib/lib.es2015.proxy.d.ts","/home/ehijoe/emacs/distributions/webdev/.emacs.d/.cache/lsp/npm/typescript/lib/node_modules/typescript/lib/lib.es2015.reflect.d.ts","/home/ehijoe/emacs/distributions/webdev/.emacs.d/.cache/lsp/npm/typescript/lib/node_modules/typescript/lib/lib.es2015.symbol.d.ts","/home/ehijoe/emacs/distributions/webdev/.emacs.d/.cache/lsp/npm/typescript/lib/node_modules/typescript/lib/lib.es2015.symbol.wellknown.d.ts","/home/ehijoe/emacs/distributions/webdev/.emacs.d/.cache/lsp/npm/typescript/lib/node_modules/typescript/lib/lib.es2016.array.include.d.ts","/home/ehijoe/emacs/distributions/webdev/.emacs.d/.cache/lsp/npm/typescript/lib/node_modules/typescript/lib/lib.es2016.full.d.ts","/home/ehijoe/Documents/ALX/alx-higher_level_programming/0x15-javascript-web_jquery/1-script.js"],"compilerOptions":{"module":1,"target":3,"jsx":1,"allowJs":true,"allowSyntheticDefaultImports":true,"allowNonTsExtensions":true,"noEmitForJsFiles":true,"maxNodeModuleJsDepth":2},"typeAcquisition":{"enable":true,"include":[],"exclude":[]},"unresolvedImports":[],"projectRootPath":"/home/ehijoe/Documents/ALX/alx-higher_level_programming/0x15-javascript-web_jquery","kind":"discover"}
[20:37:07.449] Explicitly included types: []
[20:37:07.504] Inferred typings from unresolved imports: []
[20:37:07.505] Result: {"cachedTypingPaths":[],"newTypingNames":[],"filesToWatch":["/home/ehijoe/Documents/ALX/alx-higher_level_programming/0x15-javascript-web_jquery/bower_components","/home/ehijoe/Documents/ALX/alx-higher_level_programming/0x15-javascript-web_jquery/node_modules"]}
[20:37:07.505] Finished typings discovery: {"cachedTypingPaths":[],"newTypingNames":[],"filesToWatch":["/home/ehijoe/Documents/ALX/alx-higher_level_programming/0x15-javascript-web_jquery/bower_components","/home/ehijoe/Documents/ALX/alx-higher_level_programming/0x15-javascript-web_jquery/node_modules"]}
[20:37:07.555] Sending response:
    {"projectName":"/dev/null/inferredProject1*","typeAcquisition":{"enable":true,"include":[],"exclude":[]},"compilerOptions":{"module":1,"target":3,"jsx":1,"allowJs":true,"allowSyntheticDefaultImports":true,"allowNonTsExtensions":true,"noEmitForJsFiles":true,"maxNodeModuleJsDepth":2},"typings":[],"unresolvedImports":[],"kind":"action::set"}
[20:37:07.557] Response has been sent.
[20:37:07.557] No new typings were requested as a result of typings discovery
[20:57:23.226] Got install request {"projectName":"/dev/null/inferredProject1*","fileNames":["/home/ehijoe/emacs/distributions/webdev/.emacs.d/.cache/lsp/npm/typescript/lib/node_modules/typescript/lib/lib.es5.d.ts","/home/ehijoe/emacs/distributions/webdev/.emacs.d/.cache/lsp/npm/typescript/lib/node_modules/typescript/lib/lib.es2015.d.ts","/home/ehijoe/emacs/distributions/webdev/.emacs.d/.cache/lsp/npm/typescript/lib/node_modules/typescript/lib/lib.es2016.d.ts","/home/ehijoe/emacs/distributions/webdev/.emacs.d/.cache/lsp/npm/typescript/lib/node_modules/typescript/lib/lib.dom.d.ts","/home/ehijoe/emacs/distributions/webdev/.emacs.d/.cache/lsp/npm/typescript/lib/node_modules/typescript/lib/lib.dom.iterable.d.ts","/home/ehijoe/emacs/distributions/webdev/.emacs.d/.cache/lsp/npm/typescript/lib/node_modules/typescript/lib/lib.webworker.importscripts.d.ts","/home/ehijoe/emacs/distributions/webdev/.emacs.d/.cache/lsp/npm/typescript/lib/node_modules/typescript/lib/lib.scripthost.d.ts","/home/ehijoe/emacs/distributions/webdev/.emacs.d/.cache/lsp/npm/typescript/lib/node_modules/typescript/lib/lib.es2015.core.d.ts","/home/ehijoe/emacs/distributions/webdev/.emacs.d/.cache/lsp/npm/typescript/lib/node_modules/typescript/lib/lib.es2015.collection.d.ts","/home/ehijoe/emacs/distributions/webdev/.emacs.d/.cache/lsp/npm/typescript/lib/node_modules/typescript/lib/lib.es2015.generator.d.ts","/home/ehijoe/emacs/distributions/webdev/.emacs.d/.cache/lsp/npm/typescript/lib/node_modules/typescript/lib/lib.es2015.iterable.d.ts","/home/ehijoe/emacs/distributions/webdev/.emacs.d/.cache/lsp/npm/typescript/lib/node_modules/typescript/lib/lib.es2015.promise.d.ts","/home/ehijoe/emacs/distributions/webdev/.emacs.d/.cache/lsp/npm/typescript/lib/node_modules/typescript/lib/lib.es2015.proxy.d.ts","/home/ehijoe/emacs/distributions/webdev/.emacs.d/.cache/lsp/npm/typescript/lib/node_modules/typescript/lib/lib.es2015.reflect.d.ts","/home/ehijoe/emacs/distributions/webdev/.emacs.d/.cache/lsp/npm/typescript/lib/node_modules/typescript/lib/lib.es2015.symbol.d.ts","/home/ehijoe/emacs/distributions/webdev/.emacs.d/.cache/lsp/npm/typescript/lib/node_modules/typescript/lib/lib.es2015.symbol.wellknown.d.ts","/home/ehijoe/emacs/distributions/webdev/.emacs.d/.cache/lsp/npm/typescript/lib/node_modules/typescript/lib/lib.es2016.array.include.d.ts","/home/ehijoe/emacs/distributions/webdev/.emacs.d/.cache/lsp/npm/typescript/lib/node_modules/typescript/lib/lib.es2016.full.d.ts","/home/ehijoe/Documents/ALX/alx-higher_level_programming/0x15-javascript-web_jquery/2-script.js"],"compilerOptions":{"module":1,"target":3,"jsx":1,"allowJs":true,"allowSyntheticDefaultImports":true,"allowNonTsExtensions":true,"noEmitForJsFiles":true,"maxNodeModuleJsDepth":2},"typeAcquisition":{"enable":true,"include":[],"exclude":[]},"unresolvedImports":[],"projectRootPath":"/home/ehijoe/Documents/ALX/alx-higher_level_programming/0x15-javascript-web_jquery","kind":"discover"}
[20:57:23.277] Explicitly included types: []
[20:57:23.277] Inferred typings from unresolved imports: []
[20:57:23.277] Result: {"cachedTypingPaths":[],"newTypingNames":[],"filesToWatch":["/home/ehijoe/Documents/ALX/alx-higher_level_programming/0x15-javascript-web_jquery/bower_components","/home/ehijoe/Documents/ALX/alx-higher_level_programming/0x15-javascript-web_jquery/node_modules"]}
[20:57:23.277] Finished typings discovery: {"cachedTypingPaths":[],"newTypingNames":[],"filesToWatch":["/home/ehijoe/Documents/ALX/alx-higher_level_programming/0x15-javascript-web_jquery/bower_components","/home/ehijoe/Documents/ALX/alx-higher_level_programming/0x15-javascript-web_jquery/node_modules"]}
[20:57:23.278] Sending response:
    {"projectName":"/dev/null/inferredProject1*","typeAcquisition":{"enable":true,"include":[],"exclude":[]},"compilerOptions":{"module":1,"target":3,"jsx":1,"allowJs":true,"allowSyntheticDefaultImports":true,"allowNonTsExtensions":true,"noEmitForJsFiles":true,"maxNodeModuleJsDepth":2},"typings":[],"unresolvedImports":[],"kind":"action::set"}
[20:57:23.282] Response has been sent.
[20:57:23.282] No new typings were requested as a result of typings discovery
