[01:59:58.886] Global cache location '/home/ehijoe/emacs/distributions/webdev/.cache/typescript/4.8', safe file path '/home/ehijoe/emacs/distributions/webdev/.emacs.d/.cache/lsp/npm/typescript/lib/node_modules/typescript/lib/typingSafeList.json', types map path /home/ehijoe/emacs/distributions/webdev/.emacs.d/.cache/lsp/npm/typescript/lib/node_modules/typescript/lib/typesMap.json
[01:59:58.889] Processing cache location '/home/ehijoe/emacs/distributions/webdev/.cache/typescript/4.8'
[01:59:58.889] Trying to find '/home/ehijoe/emacs/distributions/webdev/.cache/typescript/4.8/package.json'...
[01:59:58.947] Loaded content of '/home/ehijoe/emacs/distributions/webdev/.cache/typescript/4.8/package.json': {"private":true,"dependencies":{"types-registry":"^0.1.630"},"devDependencies":{"@types/react":"^18.0.20","@types/react-dom":"^18.0.6","@types/read":"^0.0.29","@types/request":"^2.48.8","@types/testing-library__jest-dom":"^5.14.5"}}
[01:59:58.948] Loaded content of '/home/ehijoe/emacs/distributions/webdev/.cache/typescript/4.8/package-lock.json'
[01:59:59.037] Adding entry into typings cache: 'react' => '/home/ehijoe/emacs/distributions/webdev/.cache/typescript/4.8/node_modules/@types/react/index.d.ts'
[01:59:59.066] Adding entry into typings cache: 'react-dom' => '/home/ehijoe/emacs/distributions/webdev/.cache/typescript/4.8/node_modules/@types/react-dom/index.d.ts'
[01:59:59.106] Adding entry into typings cache: 'read' => '/home/ehijoe/emacs/distributions/webdev/.cache/typescript/4.8/node_modules/@types/read/index.d.ts'
[01:59:59.112] Adding entry into typings cache: 'request' => '/home/ehijoe/emacs/distributions/webdev/.cache/typescript/4.8/node_modules/@types/request/index.d.ts'
[01:59:59.152] Adding entry into typings cache: 'testing-library__jest-dom' => '/home/ehijoe/emacs/distributions/webdev/.cache/typescript/4.8/node_modules/@types/testing-library__jest-dom/index.d.ts'
[01:59:59.152] Finished processing cache location '/home/ehijoe/emacs/distributions/webdev/.cache/typescript/4.8'
[01:59:59.153] Process id: 11574
[01:59:59.153] NPM location: "/usr/local/bin/npm" (explicit '--npmLocation' not  provided)
[01:59:59.153] validateDefaultNpmLocation: true
[01:59:59.154] Npm config file: /home/ehijoe/emacs/distributions/webdev/.cache/typescript/4.8/package.json
[01:59:59.154] Updating types-registry npm package...
[01:59:59.154] Exec: "/usr/local/bin/npm" install --ignore-scripts types-registry@latest
[02:00:03.971]     Succeeded. stdout:
    
    up to date, audited 68 packages in 4s

4 packages are looking for funding
  run `npm fund` for details

found 0 vulnerabilities

[02:00:03.971] Updated types-registry npm package
[02:00:04.711] Got install request {"projectName":"/dev/null/inferredProject1*","fileNames":["/home/ehijoe/emacs/distributions/webdev/.emacs.d/.cache/lsp/npm/typescript/lib/node_modules/typescript/lib/lib.es5.d.ts","/home/ehijoe/emacs/distributions/webdev/.emacs.d/.cache/lsp/npm/typescript/lib/node_modules/typescript/lib/lib.es2015.d.ts","/home/ehijoe/emacs/distributions/webdev/.emacs.d/.cache/lsp/npm/typescript/lib/node_modules/typescript/lib/lib.es2016.d.ts","/home/ehijoe/emacs/distributions/webdev/.emacs.d/.cache/lsp/npm/typescript/lib/node_modules/typescript/lib/lib.dom.d.ts","/home/ehijoe/emacs/distributions/webdev/.emacs.d/.cache/lsp/npm/typescript/lib/node_modules/typescript/lib/lib.dom.iterable.d.ts","/home/ehijoe/emacs/distributions/webdev/.emacs.d/.cache/lsp/npm/typescript/lib/node_modules/typescript/lib/lib.webworker.importscripts.d.ts","/home/ehijoe/emacs/distributions/webdev/.emacs.d/.cache/lsp/npm/typescript/lib/node_modules/typescript/lib/lib.scripthost.d.ts","/home/ehijoe/emacs/distributions/webdev/.emacs.d/.cache/lsp/npm/typescript/lib/node_modules/typescript/lib/lib.es2015.core.d.ts","/home/ehijoe/emacs/distributions/webdev/.emacs.d/.cache/lsp/npm/typescript/lib/node_modules/typescript/lib/lib.es2015.collection.d.ts","/home/ehijoe/emacs/distributions/webdev/.emacs.d/.cache/lsp/npm/typescript/lib/node_modules/typescript/lib/lib.es2015.generator.d.ts","/home/ehijoe/emacs/distributions/webdev/.emacs.d/.cache/lsp/npm/typescript/lib/node_modules/typescript/lib/lib.es2015.iterable.d.ts","/home/ehijoe/emacs/distributions/webdev/.emacs.d/.cache/lsp/npm/typescript/lib/node_modules/typescript/lib/lib.es2015.promise.d.ts","/home/ehijoe/emacs/distributions/webdev/.emacs.d/.cache/lsp/npm/typescript/lib/node_modules/typescript/lib/lib.es2015.proxy.d.ts","/home/ehijoe/emacs/distributions/webdev/.emacs.d/.cache/lsp/npm/typescript/lib/node_modules/typescript/lib/lib.es2015.reflect.d.ts","/home/ehijoe/emacs/distributions/webdev/.emacs.d/.cache/lsp/npm/typescript/lib/node_modules/typescript/lib/lib.es2015.symbol.d.ts","/home/ehijoe/emacs/distributions/webdev/.emacs.d/.cache/lsp/npm/typescript/lib/node_modules/typescript/lib/lib.es2015.symbol.wellknown.d.ts","/home/ehijoe/emacs/distributions/webdev/.emacs.d/.cache/lsp/npm/typescript/lib/node_modules/typescript/lib/lib.es2016.array.include.d.ts","/home/ehijoe/emacs/distributions/webdev/.emacs.d/.cache/lsp/npm/typescript/lib/node_modules/typescript/lib/lib.es2016.full.d.ts","/home/ehijoe/Documents/ALX/alx-higher_level_programming/0x14-javascript-web_scraping/3-starwars_title.js"],"compilerOptions":{"module":1,"target":3,"jsx":1,"allowJs":true,"allowSyntheticDefaultImports":true,"allowNonTsExtensions":true,"noEmitForJsFiles":true,"maxNodeModuleJsDepth":2},"typeAcquisition":{"enable":true,"include":[],"exclude":[]},"unresolvedImports":[],"projectRootPath":"/home/ehijoe/Documents/ALX/alx-higher_level_programming/0x14-javascript-web_scraping","kind":"discover"}
[02:00:04.759] Loaded safelist from types map file '/home/ehijoe/emacs/distributions/webdev/.emacs.d/.cache/lsp/npm/typescript/lib/node_modules/typescript/lib/typesMap.json'
[02:00:04.760] Explicitly included types: []
[02:00:04.761] Typing names in '/home/ehijoe/Documents/ALX/alx-higher_level_programming/0x14-javascript-web_scraping/package.json' dependencies: ["request"]
[02:00:04.762] Searching for typing names in /home/ehijoe/Documents/ALX/alx-higher_level_programming/0x14-javascript-web_scraping/node_modules; all files: ["/home/ehijoe/Documents/ALX/alx-higher_level_programming/0x14-javascript-web_scraping/node_modules/request/package.json"]
[02:00:04.765]     Found package names: ["request"]
[02:00:04.765] Inferred typings from unresolved imports: []
[02:00:04.766] Result: {"cachedTypingPaths":["/home/ehijoe/emacs/distributions/webdev/.cache/typescript/4.8/node_modules/@types/request/index.d.ts"],"newTypingNames":[],"filesToWatch":["/home/ehijoe/Documents/ALX/alx-higher_level_programming/0x14-javascript-web_scraping/bower_components","/home/ehijoe/Documents/ALX/alx-higher_level_programming/0x14-javascript-web_scraping/package.json","/home/ehijoe/Documents/ALX/alx-higher_level_programming/0x14-javascript-web_scraping/node_modules"]}
[02:00:04.766] Finished typings discovery: {"cachedTypingPaths":["/home/ehijoe/emacs/distributions/webdev/.cache/typescript/4.8/node_modules/@types/request/index.d.ts"],"newTypingNames":[],"filesToWatch":["/home/ehijoe/Documents/ALX/alx-higher_level_programming/0x14-javascript-web_scraping/bower_components","/home/ehijoe/Documents/ALX/alx-higher_level_programming/0x14-javascript-web_scraping/package.json","/home/ehijoe/Documents/ALX/alx-higher_level_programming/0x14-javascript-web_scraping/node_modules"]}
[02:00:04.767] DirectoryWatcher:: Added:: WatchInfo: /home/ehijoe/Documents/ALX/alx-higher_level_programming/0x14-javascript-web_scraping/bower_components
[02:00:04.768] DirectoryWatcher:: Added:: WatchInfo: /home/ehijoe/Documents/ALX/alx-higher_level_programming/0x14-javascript-web_scraping/bower_components 1 undefined Project: /dev/null/inferredProject1* watcher already invoked: false
[02:00:04.770] Elapsed:: 2.373700000345707ms DirectoryWatcher:: Added:: WatchInfo: /home/ehijoe/Documents/ALX/alx-higher_level_programming/0x14-javascript-web_scraping/bower_components 1 undefined Project: /dev/null/inferredProject1* watcher already invoked: false
[02:00:04.770] FileWatcher:: Added:: WatchInfo: /home/ehijoe/Documents/ALX/alx-higher_level_programming/0x14-javascript-web_scraping/package.json
[02:00:04.770] FileWatcher:: Added:: WatchInfo: /home/ehijoe/Documents/ALX/alx-higher_level_programming/0x14-javascript-web_scraping/package.json 2000 undefined Project: /dev/null/inferredProject1* watcher already invoked: false
[02:00:04.771] DirectoryWatcher:: Added:: WatchInfo: /home/ehijoe/Documents/ALX/alx-higher_level_programming/0x14-javascript-web_scraping/node_modules
[02:00:04.772] DirectoryWatcher:: Added:: WatchInfo: /home/ehijoe/Documents/ALX/alx-higher_level_programming/0x14-javascript-web_scraping/node_modules 1 undefined Project: /dev/null/inferredProject1* watcher already invoked: false
[02:00:04.803] Elapsed:: 31.177758999168873ms DirectoryWatcher:: Added:: WatchInfo: /home/ehijoe/Documents/ALX/alx-higher_level_programming/0x14-javascript-web_scraping/node_modules 1 undefined Project: /dev/null/inferredProject1* watcher already invoked: false
[02:00:04.804] Sending response:
    {"projectName":"/dev/null/inferredProject1*","typeAcquisition":{"enable":true,"include":[],"exclude":[]},"compilerOptions":{"module":1,"target":3,"jsx":1,"allowJs":true,"allowSyntheticDefaultImports":true,"allowNonTsExtensions":true,"noEmitForJsFiles":true,"maxNodeModuleJsDepth":2},"typings":["/home/ehijoe/emacs/distributions/webdev/.cache/typescript/4.8/node_modules/@types/request/index.d.ts"],"unresolvedImports":[],"kind":"action::set"}
[02:00:04.805] Response has been sent.
[02:00:04.805] No new typings were requested as a result of typings discovery
[02:03:27.444] Got install request {"projectName":"/dev/null/inferredProject1*","fileNames":["/home/ehijoe/emacs/distributions/webdev/.emacs.d/.cache/lsp/npm/typescript/lib/node_modules/typescript/lib/lib.es5.d.ts","/home/ehijoe/emacs/distributions/webdev/.emacs.d/.cache/lsp/npm/typescript/lib/node_modules/typescript/lib/lib.es2015.d.ts","/home/ehijoe/emacs/distributions/webdev/.emacs.d/.cache/lsp/npm/typescript/lib/node_modules/typescript/lib/lib.es2016.d.ts","/home/ehijoe/emacs/distributions/webdev/.emacs.d/.cache/lsp/npm/typescript/lib/node_modules/typescript/lib/lib.dom.d.ts","/home/ehijoe/emacs/distributions/webdev/.emacs.d/.cache/lsp/npm/typescript/lib/node_modules/typescript/lib/lib.dom.iterable.d.ts","/home/ehijoe/emacs/distributions/webdev/.emacs.d/.cache/lsp/npm/typescript/lib/node_modules/typescript/lib/lib.webworker.importscripts.d.ts","/home/ehijoe/emacs/distributions/webdev/.emacs.d/.cache/lsp/npm/typescript/lib/node_modules/typescript/lib/lib.scripthost.d.ts","/home/ehijoe/emacs/distributions/webdev/.emacs.d/.cache/lsp/npm/typescript/lib/node_modules/typescript/lib/lib.es2015.core.d.ts","/home/ehijoe/emacs/distributions/webdev/.emacs.d/.cache/lsp/npm/typescript/lib/node_modules/typescript/lib/lib.es2015.collection.d.ts","/home/ehijoe/emacs/distributions/webdev/.emacs.d/.cache/lsp/npm/typescript/lib/node_modules/typescript/lib/lib.es2015.generator.d.ts","/home/ehijoe/emacs/distributions/webdev/.emacs.d/.cache/lsp/npm/typescript/lib/node_modules/typescript/lib/lib.es2015.iterable.d.ts","/home/ehijoe/emacs/distributions/webdev/.emacs.d/.cache/lsp/npm/typescript/lib/node_modules/typescript/lib/lib.es2015.promise.d.ts","/home/ehijoe/emacs/distributions/webdev/.emacs.d/.cache/lsp/npm/typescript/lib/node_modules/typescript/lib/lib.es2015.proxy.d.ts","/home/ehijoe/emacs/distributions/webdev/.emacs.d/.cache/lsp/npm/typescript/lib/node_modules/typescript/lib/lib.es2015.reflect.d.ts","/home/ehijoe/emacs/distributions/webdev/.emacs.d/.cache/lsp/npm/typescript/lib/node_modules/typescript/lib/lib.es2015.symbol.d.ts","/home/ehijoe/emacs/distributions/webdev/.emacs.d/.cache/lsp/npm/typescript/lib/node_modules/typescript/lib/lib.es2015.symbol.wellknown.d.ts","/home/ehijoe/emacs/distributions/webdev/.emacs.d/.cache/lsp/npm/typescript/lib/node_modules/typescript/lib/lib.es2016.array.include.d.ts","/home/ehijoe/emacs/distributions/webdev/.emacs.d/.cache/lsp/npm/typescript/lib/node_modules/typescript/lib/lib.es2016.full.d.ts","/home/ehijoe/emacs/distributions/webdev/.cache/typescript/4.8/node_modules/@types/request/index.d.ts","/home/ehijoe/Documents/ALX/alx-higher_level_programming/0x14-javascript-web_scraping/100-starwars_characters.js"],"compilerOptions":{"module":1,"target":3,"jsx":1,"allowJs":true,"allowSyntheticDefaultImports":true,"allowNonTsExtensions":true,"noEmitForJsFiles":true,"maxNodeModuleJsDepth":2},"typeAcquisition":{"enable":true,"include":[],"exclude":[]},"unresolvedImports":[],"projectRootPath":"/home/ehijoe/Documents/ALX/alx-higher_level_programming/0x14-javascript-web_scraping","kind":"discover"}
[02:03:27.444] Explicitly included types: []
[02:03:27.447] Typing names in '/home/ehijoe/Documents/ALX/alx-higher_level_programming/0x14-javascript-web_scraping/package.json' dependencies: ["request"]
[02:03:27.447] Searching for typing names in /home/ehijoe/Documents/ALX/alx-higher_level_programming/0x14-javascript-web_scraping/node_modules; all files: ["/home/ehijoe/Documents/ALX/alx-higher_level_programming/0x14-javascript-web_scraping/node_modules/request/package.json"]
[02:03:27.452]     Found package names: ["request"]
[02:03:27.452] Inferred typings from unresolved imports: []
[02:03:27.452] Result: {"cachedTypingPaths":["/home/ehijoe/emacs/distributions/webdev/.cache/typescript/4.8/node_modules/@types/request/index.d.ts"],"newTypingNames":[],"filesToWatch":["/home/ehijoe/Documents/ALX/alx-higher_level_programming/0x14-javascript-web_scraping/bower_components","/home/ehijoe/Documents/ALX/alx-higher_level_programming/0x14-javascript-web_scraping/package.json","/home/ehijoe/Documents/ALX/alx-higher_level_programming/0x14-javascript-web_scraping/node_modules"]}
[02:03:27.453] Finished typings discovery: {"cachedTypingPaths":["/home/ehijoe/emacs/distributions/webdev/.cache/typescript/4.8/node_modules/@types/request/index.d.ts"],"newTypingNames":[],"filesToWatch":["/home/ehijoe/Documents/ALX/alx-higher_level_programming/0x14-javascript-web_scraping/bower_components","/home/ehijoe/Documents/ALX/alx-higher_level_programming/0x14-javascript-web_scraping/package.json","/home/ehijoe/Documents/ALX/alx-higher_level_programming/0x14-javascript-web_scraping/node_modules"]}
[02:03:27.453] Sending response:
    {"projectName":"/dev/null/inferredProject1*","typeAcquisition":{"enable":true,"include":[],"exclude":[]},"compilerOptions":{"module":1,"target":3,"jsx":1,"allowJs":true,"allowSyntheticDefaultImports":true,"allowNonTsExtensions":true,"noEmitForJsFiles":true,"maxNodeModuleJsDepth":2},"typings":["/home/ehijoe/emacs/distributions/webdev/.cache/typescript/4.8/node_modules/@types/request/index.d.ts"],"unresolvedImports":[],"kind":"action::set"}
[02:03:27.454] Response has been sent.
[02:03:27.455] No new typings were requested as a result of typings discovery
