[00:21:35.483] Global cache location '/home/ehijoe/emacs/distributions/webdev/.cache/typescript/4.8', safe file path '/home/ehijoe/emacs/distributions/webdev/.emacs.d/.cache/lsp/npm/typescript/lib/node_modules/typescript/lib/typingSafeList.json', types map path /home/ehijoe/emacs/distributions/webdev/.emacs.d/.cache/lsp/npm/typescript/lib/node_modules/typescript/lib/typesMap.json
[00:21:35.484] Processing cache location '/home/ehijoe/emacs/distributions/webdev/.cache/typescript/4.8'
[00:21:35.484] Trying to find '/home/ehijoe/emacs/distributions/webdev/.cache/typescript/4.8/package.json'...
[00:21:35.552] Loaded content of '/home/ehijoe/emacs/distributions/webdev/.cache/typescript/4.8/package.json': {"private":true,"dependencies":{"types-registry":"^0.1.630"},"devDependencies":{"@types/react":"^18.0.20","@types/react-dom":"^18.0.6","@types/read":"^0.0.29","@types/request":"^2.48.8","@types/testing-library__jest-dom":"^5.14.5"}}
[00:21:35.553] Loaded content of '/home/ehijoe/emacs/distributions/webdev/.cache/typescript/4.8/package-lock.json'
[00:21:35.633] Adding entry into typings cache: 'react' => '/home/ehijoe/emacs/distributions/webdev/.cache/typescript/4.8/node_modules/@types/react/index.d.ts'
[00:21:35.667] Adding entry into typings cache: 'react-dom' => '/home/ehijoe/emacs/distributions/webdev/.cache/typescript/4.8/node_modules/@types/react-dom/index.d.ts'
[00:21:35.704] Adding entry into typings cache: 'read' => '/home/ehijoe/emacs/distributions/webdev/.cache/typescript/4.8/node_modules/@types/read/index.d.ts'
[00:21:35.711] Adding entry into typings cache: 'request' => '/home/ehijoe/emacs/distributions/webdev/.cache/typescript/4.8/node_modules/@types/request/index.d.ts'
[00:21:35.745] Adding entry into typings cache: 'testing-library__jest-dom' => '/home/ehijoe/emacs/distributions/webdev/.cache/typescript/4.8/node_modules/@types/testing-library__jest-dom/index.d.ts'
[00:21:35.745] Finished processing cache location '/home/ehijoe/emacs/distributions/webdev/.cache/typescript/4.8'
[00:21:35.746] Process id: 8646
[00:21:35.746] NPM location: "/usr/local/bin/npm" (explicit '--npmLocation' not  provided)
[00:21:35.746] validateDefaultNpmLocation: true
[00:21:35.747] Npm config file: /home/ehijoe/emacs/distributions/webdev/.cache/typescript/4.8/package.json
[00:21:35.747] Updating types-registry npm package...
[00:21:35.748] Exec: "/usr/local/bin/npm" install --ignore-scripts types-registry@latest
[00:21:40.190]     Succeeded. stdout:
    
    up to date, audited 68 packages in 4s

4 packages are looking for funding
  run `npm fund` for details

found 0 vulnerabilities

[00:21:40.191] Updated types-registry npm package
[00:21:42.024] Got install request {"projectName":"/dev/null/inferredProject1*","fileNames":["/home/ehijoe/emacs/distributions/webdev/.emacs.d/.cache/lsp/npm/typescript/lib/node_modules/typescript/lib/lib.es5.d.ts","/home/ehijoe/emacs/distributions/webdev/.emacs.d/.cache/lsp/npm/typescript/lib/node_modules/typescript/lib/lib.es2015.d.ts","/home/ehijoe/emacs/distributions/webdev/.emacs.d/.cache/lsp/npm/typescript/lib/node_modules/typescript/lib/lib.es2016.d.ts","/home/ehijoe/emacs/distributions/webdev/.emacs.d/.cache/lsp/npm/typescript/lib/node_modules/typescript/lib/lib.dom.d.ts","/home/ehijoe/emacs/distributions/webdev/.emacs.d/.cache/lsp/npm/typescript/lib/node_modules/typescript/lib/lib.dom.iterable.d.ts","/home/ehijoe/emacs/distributions/webdev/.emacs.d/.cache/lsp/npm/typescript/lib/node_modules/typescript/lib/lib.webworker.importscripts.d.ts","/home/ehijoe/emacs/distributions/webdev/.emacs.d/.cache/lsp/npm/typescript/lib/node_modules/typescript/lib/lib.scripthost.d.ts","/home/ehijoe/emacs/distributions/webdev/.emacs.d/.cache/lsp/npm/typescript/lib/node_modules/typescript/lib/lib.es2015.core.d.ts","/home/ehijoe/emacs/distributions/webdev/.emacs.d/.cache/lsp/npm/typescript/lib/node_modules/typescript/lib/lib.es2015.collection.d.ts","/home/ehijoe/emacs/distributions/webdev/.emacs.d/.cache/lsp/npm/typescript/lib/node_modules/typescript/lib/lib.es2015.generator.d.ts","/home/ehijoe/emacs/distributions/webdev/.emacs.d/.cache/lsp/npm/typescript/lib/node_modules/typescript/lib/lib.es2015.iterable.d.ts","/home/ehijoe/emacs/distributions/webdev/.emacs.d/.cache/lsp/npm/typescript/lib/node_modules/typescript/lib/lib.es2015.promise.d.ts","/home/ehijoe/emacs/distributions/webdev/.emacs.d/.cache/lsp/npm/typescript/lib/node_modules/typescript/lib/lib.es2015.proxy.d.ts","/home/ehijoe/emacs/distributions/webdev/.emacs.d/.cache/lsp/npm/typescript/lib/node_modules/typescript/lib/lib.es2015.reflect.d.ts","/home/ehijoe/emacs/distributions/webdev/.emacs.d/.cache/lsp/npm/typescript/lib/node_modules/typescript/lib/lib.es2015.symbol.d.ts","/home/ehijoe/emacs/distributions/webdev/.emacs.d/.cache/lsp/npm/typescript/lib/node_modules/typescript/lib/lib.es2015.symbol.wellknown.d.ts","/home/ehijoe/emacs/distributions/webdev/.emacs.d/.cache/lsp/npm/typescript/lib/node_modules/typescript/lib/lib.es2016.array.include.d.ts","/home/ehijoe/emacs/distributions/webdev/.emacs.d/.cache/lsp/npm/typescript/lib/node_modules/typescript/lib/lib.es2016.full.d.ts","/home/ehijoe/Documents/ALX/alx-higher_level_programming/0x14-javascript-web_scraping/2-statuscode.js"],"compilerOptions":{"module":1,"target":3,"jsx":1,"allowJs":true,"allowSyntheticDefaultImports":true,"allowNonTsExtensions":true,"noEmitForJsFiles":true,"maxNodeModuleJsDepth":2},"typeAcquisition":{"enable":true,"include":[],"exclude":[]},"unresolvedImports":[],"projectRootPath":"/home/ehijoe/Documents/ALX/alx-higher_level_programming/0x14-javascript-web_scraping","kind":"discover"}
[00:21:42.069] Loaded safelist from types map file '/home/ehijoe/emacs/distributions/webdev/.emacs.d/.cache/lsp/npm/typescript/lib/node_modules/typescript/lib/typesMap.json'
[00:21:42.070] Explicitly included types: []
[00:21:42.072] Typing names in '/home/ehijoe/Documents/ALX/alx-higher_level_programming/0x14-javascript-web_scraping/package.json' dependencies: ["request"]
[00:21:42.072] Searching for typing names in /home/ehijoe/Documents/ALX/alx-higher_level_programming/0x14-javascript-web_scraping/node_modules; all files: ["/home/ehijoe/Documents/ALX/alx-higher_level_programming/0x14-javascript-web_scraping/node_modules/request/package.json"]
[00:21:42.075]     Found package names: ["request"]
[00:21:42.076] Inferred typings from unresolved imports: []
[00:21:42.077] Result: {"cachedTypingPaths":["/home/ehijoe/emacs/distributions/webdev/.cache/typescript/4.8/node_modules/@types/request/index.d.ts"],"newTypingNames":[],"filesToWatch":["/home/ehijoe/Documents/ALX/alx-higher_level_programming/0x14-javascript-web_scraping/bower_components","/home/ehijoe/Documents/ALX/alx-higher_level_programming/0x14-javascript-web_scraping/package.json","/home/ehijoe/Documents/ALX/alx-higher_level_programming/0x14-javascript-web_scraping/node_modules"]}
[00:21:42.077] Finished typings discovery: {"cachedTypingPaths":["/home/ehijoe/emacs/distributions/webdev/.cache/typescript/4.8/node_modules/@types/request/index.d.ts"],"newTypingNames":[],"filesToWatch":["/home/ehijoe/Documents/ALX/alx-higher_level_programming/0x14-javascript-web_scraping/bower_components","/home/ehijoe/Documents/ALX/alx-higher_level_programming/0x14-javascript-web_scraping/package.json","/home/ehijoe/Documents/ALX/alx-higher_level_programming/0x14-javascript-web_scraping/node_modules"]}
[00:21:42.077] DirectoryWatcher:: Added:: WatchInfo: /home/ehijoe/Documents/ALX/alx-higher_level_programming/0x14-javascript-web_scraping/bower_components
[00:21:42.078] DirectoryWatcher:: Added:: WatchInfo: /home/ehijoe/Documents/ALX/alx-higher_level_programming/0x14-javascript-web_scraping/bower_components 1 undefined Project: /dev/null/inferredProject1* watcher already invoked: false
[00:21:42.080] Elapsed:: 2.170119993388653ms DirectoryWatcher:: Added:: WatchInfo: /home/ehijoe/Documents/ALX/alx-higher_level_programming/0x14-javascript-web_scraping/bower_components 1 undefined Project: /dev/null/inferredProject1* watcher already invoked: false
[00:21:42.081] FileWatcher:: Added:: WatchInfo: /home/ehijoe/Documents/ALX/alx-higher_level_programming/0x14-javascript-web_scraping/package.json
[00:21:42.081] FileWatcher:: Added:: WatchInfo: /home/ehijoe/Documents/ALX/alx-higher_level_programming/0x14-javascript-web_scraping/package.json 2000 undefined Project: /dev/null/inferredProject1* watcher already invoked: false
[00:21:42.081] DirectoryWatcher:: Added:: WatchInfo: /home/ehijoe/Documents/ALX/alx-higher_level_programming/0x14-javascript-web_scraping/node_modules
[00:21:42.081] DirectoryWatcher:: Added:: WatchInfo: /home/ehijoe/Documents/ALX/alx-higher_level_programming/0x14-javascript-web_scraping/node_modules 1 undefined Project: /dev/null/inferredProject1* watcher already invoked: false
[00:21:42.105] Elapsed:: 23.584086999297142ms DirectoryWatcher:: Added:: WatchInfo: /home/ehijoe/Documents/ALX/alx-higher_level_programming/0x14-javascript-web_scraping/node_modules 1 undefined Project: /dev/null/inferredProject1* watcher already invoked: false
[00:21:42.105] Sending response:
    {"projectName":"/dev/null/inferredProject1*","typeAcquisition":{"enable":true,"include":[],"exclude":[]},"compilerOptions":{"module":1,"target":3,"jsx":1,"allowJs":true,"allowSyntheticDefaultImports":true,"allowNonTsExtensions":true,"noEmitForJsFiles":true,"maxNodeModuleJsDepth":2},"typings":["/home/ehijoe/emacs/distributions/webdev/.cache/typescript/4.8/node_modules/@types/request/index.d.ts"],"unresolvedImports":[],"kind":"action::set"}
[00:21:42.106] Response has been sent.
[00:21:42.106] No new typings were requested as a result of typings discovery
[00:58:13.193] Got install request {"projectName":"/dev/null/inferredProject1*","fileNames":["/home/ehijoe/emacs/distributions/webdev/.emacs.d/.cache/lsp/npm/typescript/lib/node_modules/typescript/lib/lib.es5.d.ts","/home/ehijoe/emacs/distributions/webdev/.emacs.d/.cache/lsp/npm/typescript/lib/node_modules/typescript/lib/lib.es2015.d.ts","/home/ehijoe/emacs/distributions/webdev/.emacs.d/.cache/lsp/npm/typescript/lib/node_modules/typescript/lib/lib.es2016.d.ts","/home/ehijoe/emacs/distributions/webdev/.emacs.d/.cache/lsp/npm/typescript/lib/node_modules/typescript/lib/lib.dom.d.ts","/home/ehijoe/emacs/distributions/webdev/.emacs.d/.cache/lsp/npm/typescript/lib/node_modules/typescript/lib/lib.dom.iterable.d.ts","/home/ehijoe/emacs/distributions/webdev/.emacs.d/.cache/lsp/npm/typescript/lib/node_modules/typescript/lib/lib.webworker.importscripts.d.ts","/home/ehijoe/emacs/distributions/webdev/.emacs.d/.cache/lsp/npm/typescript/lib/node_modules/typescript/lib/lib.scripthost.d.ts","/home/ehijoe/emacs/distributions/webdev/.emacs.d/.cache/lsp/npm/typescript/lib/node_modules/typescript/lib/lib.es2015.core.d.ts","/home/ehijoe/emacs/distributions/webdev/.emacs.d/.cache/lsp/npm/typescript/lib/node_modules/typescript/lib/lib.es2015.collection.d.ts","/home/ehijoe/emacs/distributions/webdev/.emacs.d/.cache/lsp/npm/typescript/lib/node_modules/typescript/lib/lib.es2015.generator.d.ts","/home/ehijoe/emacs/distributions/webdev/.emacs.d/.cache/lsp/npm/typescript/lib/node_modules/typescript/lib/lib.es2015.iterable.d.ts","/home/ehijoe/emacs/distributions/webdev/.emacs.d/.cache/lsp/npm/typescript/lib/node_modules/typescript/lib/lib.es2015.promise.d.ts","/home/ehijoe/emacs/distributions/webdev/.emacs.d/.cache/lsp/npm/typescript/lib/node_modules/typescript/lib/lib.es2015.proxy.d.ts","/home/ehijoe/emacs/distributions/webdev/.emacs.d/.cache/lsp/npm/typescript/lib/node_modules/typescript/lib/lib.es2015.reflect.d.ts","/home/ehijoe/emacs/distributions/webdev/.emacs.d/.cache/lsp/npm/typescript/lib/node_modules/typescript/lib/lib.es2015.symbol.d.ts","/home/ehijoe/emacs/distributions/webdev/.emacs.d/.cache/lsp/npm/typescript/lib/node_modules/typescript/lib/lib.es2015.symbol.wellknown.d.ts","/home/ehijoe/emacs/distributions/webdev/.emacs.d/.cache/lsp/npm/typescript/lib/node_modules/typescript/lib/lib.es2016.array.include.d.ts","/home/ehijoe/emacs/distributions/webdev/.emacs.d/.cache/lsp/npm/typescript/lib/node_modules/typescript/lib/lib.es2016.full.d.ts","/home/ehijoe/emacs/distributions/webdev/.cache/typescript/4.8/node_modules/@types/request/index.d.ts","/home/ehijoe/Documents/ALX/alx-higher_level_programming/0x14-javascript-web_scraping/3-starwars_title.js"],"compilerOptions":{"module":1,"target":3,"jsx":1,"allowJs":true,"allowSyntheticDefaultImports":true,"allowNonTsExtensions":true,"noEmitForJsFiles":true,"maxNodeModuleJsDepth":2},"typeAcquisition":{"enable":true,"include":[],"exclude":[]},"unresolvedImports":[],"projectRootPath":"/home/ehijoe/Documents/ALX/alx-higher_level_programming/0x14-javascript-web_scraping","kind":"discover"}
[00:58:13.194] Explicitly included types: []
[00:58:13.195] Typing names in '/home/ehijoe/Documents/ALX/alx-higher_level_programming/0x14-javascript-web_scraping/package.json' dependencies: ["request"]
[00:58:13.195] Searching for typing names in /home/ehijoe/Documents/ALX/alx-higher_level_programming/0x14-javascript-web_scraping/node_modules; all files: ["/home/ehijoe/Documents/ALX/alx-higher_level_programming/0x14-javascript-web_scraping/node_modules/request/package.json"]
[00:58:13.198]     Found package names: ["request"]
[00:58:13.199] Inferred typings from unresolved imports: []
[00:58:13.199] Result: {"cachedTypingPaths":["/home/ehijoe/emacs/distributions/webdev/.cache/typescript/4.8/node_modules/@types/request/index.d.ts"],"newTypingNames":[],"filesToWatch":["/home/ehijoe/Documents/ALX/alx-higher_level_programming/0x14-javascript-web_scraping/bower_components","/home/ehijoe/Documents/ALX/alx-higher_level_programming/0x14-javascript-web_scraping/package.json","/home/ehijoe/Documents/ALX/alx-higher_level_programming/0x14-javascript-web_scraping/node_modules"]}
[00:58:13.199] Finished typings discovery: {"cachedTypingPaths":["/home/ehijoe/emacs/distributions/webdev/.cache/typescript/4.8/node_modules/@types/request/index.d.ts"],"newTypingNames":[],"filesToWatch":["/home/ehijoe/Documents/ALX/alx-higher_level_programming/0x14-javascript-web_scraping/bower_components","/home/ehijoe/Documents/ALX/alx-higher_level_programming/0x14-javascript-web_scraping/package.json","/home/ehijoe/Documents/ALX/alx-higher_level_programming/0x14-javascript-web_scraping/node_modules"]}
[00:58:13.199] Sending response:
    {"projectName":"/dev/null/inferredProject1*","typeAcquisition":{"enable":true,"include":[],"exclude":[]},"compilerOptions":{"module":1,"target":3,"jsx":1,"allowJs":true,"allowSyntheticDefaultImports":true,"allowNonTsExtensions":true,"noEmitForJsFiles":true,"maxNodeModuleJsDepth":2},"typings":["/home/ehijoe/emacs/distributions/webdev/.cache/typescript/4.8/node_modules/@types/request/index.d.ts"],"unresolvedImports":[],"kind":"action::set"}
[00:58:13.200] Response has been sent.
[00:58:13.200] No new typings were requested as a result of typings discovery
