[01:03:43.246] Global cache location '/home/ehijoe/emacs/distributions/webdev/.cache/typescript/4.8', safe file path '/home/ehijoe/emacs/distributions/webdev/.emacs.d/.cache/lsp/npm/typescript/lib/node_modules/typescript/lib/typingSafeList.json', types map path /home/ehijoe/emacs/distributions/webdev/.emacs.d/.cache/lsp/npm/typescript/lib/node_modules/typescript/lib/typesMap.json
[01:03:43.248] Processing cache location '/home/ehijoe/emacs/distributions/webdev/.cache/typescript/4.8'
[01:03:43.248] Trying to find '/home/ehijoe/emacs/distributions/webdev/.cache/typescript/4.8/package.json'...
[01:03:43.307] Loaded content of '/home/ehijoe/emacs/distributions/webdev/.cache/typescript/4.8/package.json': {"private":true,"dependencies":{"types-registry":"^0.1.630"},"devDependencies":{"@types/react":"^18.0.20","@types/react-dom":"^18.0.6","@types/read":"^0.0.29","@types/request":"^2.48.8","@types/testing-library__jest-dom":"^5.14.5"}}
[01:03:43.307] Loaded content of '/home/ehijoe/emacs/distributions/webdev/.cache/typescript/4.8/package-lock.json'
[01:03:43.426] Adding entry into typings cache: 'react' => '/home/ehijoe/emacs/distributions/webdev/.cache/typescript/4.8/node_modules/@types/react/index.d.ts'
[01:03:43.450] Adding entry into typings cache: 'react-dom' => '/home/ehijoe/emacs/distributions/webdev/.cache/typescript/4.8/node_modules/@types/react-dom/index.d.ts'
[01:03:43.478] Adding entry into typings cache: 'read' => '/home/ehijoe/emacs/distributions/webdev/.cache/typescript/4.8/node_modules/@types/read/index.d.ts'
[01:03:43.490] Adding entry into typings cache: 'request' => '/home/ehijoe/emacs/distributions/webdev/.cache/typescript/4.8/node_modules/@types/request/index.d.ts'
[01:03:43.540] Adding entry into typings cache: 'testing-library__jest-dom' => '/home/ehijoe/emacs/distributions/webdev/.cache/typescript/4.8/node_modules/@types/testing-library__jest-dom/index.d.ts'
[01:03:43.541] Finished processing cache location '/home/ehijoe/emacs/distributions/webdev/.cache/typescript/4.8'
[01:03:43.542] Process id: 9731
[01:03:43.542] NPM location: "/usr/local/bin/npm" (explicit '--npmLocation' not  provided)
[01:03:43.542] validateDefaultNpmLocation: true
[01:03:43.543] Npm config file: /home/ehijoe/emacs/distributions/webdev/.cache/typescript/4.8/package.json
[01:03:43.543] Updating types-registry npm package...
[01:03:43.543] Exec: "/usr/local/bin/npm" install --ignore-scripts types-registry@latest
[01:03:48.936]     Succeeded. stdout:
    
    up to date, audited 68 packages in 4s

4 packages are looking for funding
  run `npm fund` for details

found 0 vulnerabilities

[01:03:48.936] Updated types-registry npm package
[01:03:51.401] Got install request {"projectName":"/dev/null/inferredProject1*","fileNames":["/home/ehijoe/emacs/distributions/webdev/.emacs.d/.cache/lsp/npm/typescript/lib/node_modules/typescript/lib/lib.es5.d.ts","/home/ehijoe/emacs/distributions/webdev/.emacs.d/.cache/lsp/npm/typescript/lib/node_modules/typescript/lib/lib.es2015.d.ts","/home/ehijoe/emacs/distributions/webdev/.emacs.d/.cache/lsp/npm/typescript/lib/node_modules/typescript/lib/lib.es2016.d.ts","/home/ehijoe/emacs/distributions/webdev/.emacs.d/.cache/lsp/npm/typescript/lib/node_modules/typescript/lib/lib.dom.d.ts","/home/ehijoe/emacs/distributions/webdev/.emacs.d/.cache/lsp/npm/typescript/lib/node_modules/typescript/lib/lib.dom.iterable.d.ts","/home/ehijoe/emacs/distributions/webdev/.emacs.d/.cache/lsp/npm/typescript/lib/node_modules/typescript/lib/lib.webworker.importscripts.d.ts","/home/ehijoe/emacs/distributions/webdev/.emacs.d/.cache/lsp/npm/typescript/lib/node_modules/typescript/lib/lib.scripthost.d.ts","/home/ehijoe/emacs/distributions/webdev/.emacs.d/.cache/lsp/npm/typescript/lib/node_modules/typescript/lib/lib.es2015.core.d.ts","/home/ehijoe/emacs/distributions/webdev/.emacs.d/.cache/lsp/npm/typescript/lib/node_modules/typescript/lib/lib.es2015.collection.d.ts","/home/ehijoe/emacs/distributions/webdev/.emacs.d/.cache/lsp/npm/typescript/lib/node_modules/typescript/lib/lib.es2015.generator.d.ts","/home/ehijoe/emacs/distributions/webdev/.emacs.d/.cache/lsp/npm/typescript/lib/node_modules/typescript/lib/lib.es2015.iterable.d.ts","/home/ehijoe/emacs/distributions/webdev/.emacs.d/.cache/lsp/npm/typescript/lib/node_modules/typescript/lib/lib.es2015.promise.d.ts","/home/ehijoe/emacs/distributions/webdev/.emacs.d/.cache/lsp/npm/typescript/lib/node_modules/typescript/lib/lib.es2015.proxy.d.ts","/home/ehijoe/emacs/distributions/webdev/.emacs.d/.cache/lsp/npm/typescript/lib/node_modules/typescript/lib/lib.es2015.reflect.d.ts","/home/ehijoe/emacs/distributions/webdev/.emacs.d/.cache/lsp/npm/typescript/lib/node_modules/typescript/lib/lib.es2015.symbol.d.ts","/home/ehijoe/emacs/distributions/webdev/.emacs.d/.cache/lsp/npm/typescript/lib/node_modules/typescript/lib/lib.es2015.symbol.wellknown.d.ts","/home/ehijoe/emacs/distributions/webdev/.emacs.d/.cache/lsp/npm/typescript/lib/node_modules/typescript/lib/lib.es2016.array.include.d.ts","/home/ehijoe/emacs/distributions/webdev/.emacs.d/.cache/lsp/npm/typescript/lib/node_modules/typescript/lib/lib.es2016.full.d.ts","/home/ehijoe/Documents/ALX/alx-higher_level_programming/0x14-javascript-web_scraping/3-starwars_title.js"],"compilerOptions":{"module":1,"target":3,"jsx":1,"allowJs":true,"allowSyntheticDefaultImports":true,"allowNonTsExtensions":true,"noEmitForJsFiles":true,"maxNodeModuleJsDepth":2},"typeAcquisition":{"enable":true,"include":[],"exclude":[]},"unresolvedImports":[],"projectRootPath":"/home/ehijoe/Documents/ALX/alx-higher_level_programming/0x14-javascript-web_scraping","kind":"discover"}
[01:03:51.448] Loaded safelist from types map file '/home/ehijoe/emacs/distributions/webdev/.emacs.d/.cache/lsp/npm/typescript/lib/node_modules/typescript/lib/typesMap.json'
[01:03:51.449] Explicitly included types: []
[01:03:51.451] Typing names in '/home/ehijoe/Documents/ALX/alx-higher_level_programming/0x14-javascript-web_scraping/package.json' dependencies: ["request"]
[01:03:51.451] Searching for typing names in /home/ehijoe/Documents/ALX/alx-higher_level_programming/0x14-javascript-web_scraping/node_modules; all files: ["/home/ehijoe/Documents/ALX/alx-higher_level_programming/0x14-javascript-web_scraping/node_modules/request/package.json"]
[01:03:51.454]     Found package names: ["request"]
[01:03:51.455] Inferred typings from unresolved imports: []
[01:03:51.455] Result: {"cachedTypingPaths":["/home/ehijoe/emacs/distributions/webdev/.cache/typescript/4.8/node_modules/@types/request/index.d.ts"],"newTypingNames":[],"filesToWatch":["/home/ehijoe/Documents/ALX/alx-higher_level_programming/0x14-javascript-web_scraping/bower_components","/home/ehijoe/Documents/ALX/alx-higher_level_programming/0x14-javascript-web_scraping/package.json","/home/ehijoe/Documents/ALX/alx-higher_level_programming/0x14-javascript-web_scraping/node_modules"]}
[01:03:51.456] Finished typings discovery: {"cachedTypingPaths":["/home/ehijoe/emacs/distributions/webdev/.cache/typescript/4.8/node_modules/@types/request/index.d.ts"],"newTypingNames":[],"filesToWatch":["/home/ehijoe/Documents/ALX/alx-higher_level_programming/0x14-javascript-web_scraping/bower_components","/home/ehijoe/Documents/ALX/alx-higher_level_programming/0x14-javascript-web_scraping/package.json","/home/ehijoe/Documents/ALX/alx-higher_level_programming/0x14-javascript-web_scraping/node_modules"]}
[01:03:51.457] DirectoryWatcher:: Added:: WatchInfo: /home/ehijoe/Documents/ALX/alx-higher_level_programming/0x14-javascript-web_scraping/bower_components
[01:03:51.458] DirectoryWatcher:: Added:: WatchInfo: /home/ehijoe/Documents/ALX/alx-higher_level_programming/0x14-javascript-web_scraping/bower_components 1 undefined Project: /dev/null/inferredProject1* watcher already invoked: false
[01:03:51.463] Elapsed:: 4.745629996061325ms DirectoryWatcher:: Added:: WatchInfo: /home/ehijoe/Documents/ALX/alx-higher_level_programming/0x14-javascript-web_scraping/bower_components 1 undefined Project: /dev/null/inferredProject1* watcher already invoked: false
[01:03:51.464] FileWatcher:: Added:: WatchInfo: /home/ehijoe/Documents/ALX/alx-higher_level_programming/0x14-javascript-web_scraping/package.json
[01:03:51.464] FileWatcher:: Added:: WatchInfo: /home/ehijoe/Documents/ALX/alx-higher_level_programming/0x14-javascript-web_scraping/package.json 2000 undefined Project: /dev/null/inferredProject1* watcher already invoked: false
[01:03:51.464] DirectoryWatcher:: Added:: WatchInfo: /home/ehijoe/Documents/ALX/alx-higher_level_programming/0x14-javascript-web_scraping/node_modules
[01:03:51.464] DirectoryWatcher:: Added:: WatchInfo: /home/ehijoe/Documents/ALX/alx-higher_level_programming/0x14-javascript-web_scraping/node_modules 1 undefined Project: /dev/null/inferredProject1* watcher already invoked: false
[01:03:51.522] Elapsed:: 57.059059999883175ms DirectoryWatcher:: Added:: WatchInfo: /home/ehijoe/Documents/ALX/alx-higher_level_programming/0x14-javascript-web_scraping/node_modules 1 undefined Project: /dev/null/inferredProject1* watcher already invoked: false
[01:03:51.523] Sending response:
    {"projectName":"/dev/null/inferredProject1*","typeAcquisition":{"enable":true,"include":[],"exclude":[]},"compilerOptions":{"module":1,"target":3,"jsx":1,"allowJs":true,"allowSyntheticDefaultImports":true,"allowNonTsExtensions":true,"noEmitForJsFiles":true,"maxNodeModuleJsDepth":2},"typings":["/home/ehijoe/emacs/distributions/webdev/.cache/typescript/4.8/node_modules/@types/request/index.d.ts"],"unresolvedImports":[],"kind":"action::set"}
[01:03:51.531] Response has been sent.
[01:03:51.532] No new typings were requested as a result of typings discovery
[01:05:34.200] Got install request {"projectName":"/dev/null/inferredProject1*","fileNames":["/home/ehijoe/emacs/distributions/webdev/.emacs.d/.cache/lsp/npm/typescript/lib/node_modules/typescript/lib/lib.es5.d.ts","/home/ehijoe/emacs/distributions/webdev/.emacs.d/.cache/lsp/npm/typescript/lib/node_modules/typescript/lib/lib.es2015.d.ts","/home/ehijoe/emacs/distributions/webdev/.emacs.d/.cache/lsp/npm/typescript/lib/node_modules/typescript/lib/lib.es2016.d.ts","/home/ehijoe/emacs/distributions/webdev/.emacs.d/.cache/lsp/npm/typescript/lib/node_modules/typescript/lib/lib.dom.d.ts","/home/ehijoe/emacs/distributions/webdev/.emacs.d/.cache/lsp/npm/typescript/lib/node_modules/typescript/lib/lib.dom.iterable.d.ts","/home/ehijoe/emacs/distributions/webdev/.emacs.d/.cache/lsp/npm/typescript/lib/node_modules/typescript/lib/lib.webworker.importscripts.d.ts","/home/ehijoe/emacs/distributions/webdev/.emacs.d/.cache/lsp/npm/typescript/lib/node_modules/typescript/lib/lib.scripthost.d.ts","/home/ehijoe/emacs/distributions/webdev/.emacs.d/.cache/lsp/npm/typescript/lib/node_modules/typescript/lib/lib.es2015.core.d.ts","/home/ehijoe/emacs/distributions/webdev/.emacs.d/.cache/lsp/npm/typescript/lib/node_modules/typescript/lib/lib.es2015.collection.d.ts","/home/ehijoe/emacs/distributions/webdev/.emacs.d/.cache/lsp/npm/typescript/lib/node_modules/typescript/lib/lib.es2015.generator.d.ts","/home/ehijoe/emacs/distributions/webdev/.emacs.d/.cache/lsp/npm/typescript/lib/node_modules/typescript/lib/lib.es2015.iterable.d.ts","/home/ehijoe/emacs/distributions/webdev/.emacs.d/.cache/lsp/npm/typescript/lib/node_modules/typescript/lib/lib.es2015.promise.d.ts","/home/ehijoe/emacs/distributions/webdev/.emacs.d/.cache/lsp/npm/typescript/lib/node_modules/typescript/lib/lib.es2015.proxy.d.ts","/home/ehijoe/emacs/distributions/webdev/.emacs.d/.cache/lsp/npm/typescript/lib/node_modules/typescript/lib/lib.es2015.reflect.d.ts","/home/ehijoe/emacs/distributions/webdev/.emacs.d/.cache/lsp/npm/typescript/lib/node_modules/typescript/lib/lib.es2015.symbol.d.ts","/home/ehijoe/emacs/distributions/webdev/.emacs.d/.cache/lsp/npm/typescript/lib/node_modules/typescript/lib/lib.es2015.symbol.wellknown.d.ts","/home/ehijoe/emacs/distributions/webdev/.emacs.d/.cache/lsp/npm/typescript/lib/node_modules/typescript/lib/lib.es2016.array.include.d.ts","/home/ehijoe/emacs/distributions/webdev/.emacs.d/.cache/lsp/npm/typescript/lib/node_modules/typescript/lib/lib.es2016.full.d.ts","/home/ehijoe/emacs/distributions/webdev/.cache/typescript/4.8/node_modules/@types/request/index.d.ts","/home/ehijoe/Documents/ALX/alx-higher_level_programming/0x14-javascript-web_scraping/3-starwars_title.js"],"compilerOptions":{"module":1,"target":3,"jsx":1,"allowJs":true,"allowSyntheticDefaultImports":true,"allowNonTsExtensions":true,"noEmitForJsFiles":true,"maxNodeModuleJsDepth":2},"typeAcquisition":{"enable":true,"include":[],"exclude":[]},"unresolvedImports":[],"projectRootPath":"/home/ehijoe/Documents/ALX/alx-higher_level_programming/0x14-javascript-web_scraping","kind":"discover"}
[01:05:34.200] Explicitly included types: []
[01:05:34.202] Typing names in '/home/ehijoe/Documents/ALX/alx-higher_level_programming/0x14-javascript-web_scraping/package.json' dependencies: ["request"]
[01:05:34.202] Searching for typing names in /home/ehijoe/Documents/ALX/alx-higher_level_programming/0x14-javascript-web_scraping/node_modules; all files: ["/home/ehijoe/Documents/ALX/alx-higher_level_programming/0x14-javascript-web_scraping/node_modules/request/package.json"]
[01:05:34.205]     Found package names: ["request"]
[01:05:34.205] Inferred typings from unresolved imports: []
[01:05:34.205] Result: {"cachedTypingPaths":["/home/ehijoe/emacs/distributions/webdev/.cache/typescript/4.8/node_modules/@types/request/index.d.ts"],"newTypingNames":[],"filesToWatch":["/home/ehijoe/Documents/ALX/alx-higher_level_programming/0x14-javascript-web_scraping/bower_components","/home/ehijoe/Documents/ALX/alx-higher_level_programming/0x14-javascript-web_scraping/package.json","/home/ehijoe/Documents/ALX/alx-higher_level_programming/0x14-javascript-web_scraping/node_modules"]}
[01:05:34.205] Finished typings discovery: {"cachedTypingPaths":["/home/ehijoe/emacs/distributions/webdev/.cache/typescript/4.8/node_modules/@types/request/index.d.ts"],"newTypingNames":[],"filesToWatch":["/home/ehijoe/Documents/ALX/alx-higher_level_programming/0x14-javascript-web_scraping/bower_components","/home/ehijoe/Documents/ALX/alx-higher_level_programming/0x14-javascript-web_scraping/package.json","/home/ehijoe/Documents/ALX/alx-higher_level_programming/0x14-javascript-web_scraping/node_modules"]}
[01:05:34.205] Sending response:
    {"projectName":"/dev/null/inferredProject1*","typeAcquisition":{"enable":true,"include":[],"exclude":[]},"compilerOptions":{"module":1,"target":3,"jsx":1,"allowJs":true,"allowSyntheticDefaultImports":true,"allowNonTsExtensions":true,"noEmitForJsFiles":true,"maxNodeModuleJsDepth":2},"typings":["/home/ehijoe/emacs/distributions/webdev/.cache/typescript/4.8/node_modules/@types/request/index.d.ts"],"unresolvedImports":[],"kind":"action::set"}
[01:05:34.206] Response has been sent.
[01:05:34.206] No new typings were requested as a result of typings discovery
